# JRE version: OpenJDK Runtime Environment (8.0_302-b08) (build 1.8.0_302-b08)
# Java VM: OpenJDK 64-Bit Server VM (25.302-b08 mixed mode windows-amd64 compressed oops)
Heap:
 PSYoungGen      total 186880K, used 40485K [0x00000000e0000000, 0x00000000ef700000, 0x0000000100000000)
  eden space 148480K, 8% used [0x00000000e0000000,0x00000000e0bee748,0x00000000e9100000)
  from space 38400K, 73% used [0x00000000e9100000,0x00000000eac9afa0,0x00000000eb680000)
  to   space 39936K, 0% used [0x00000000ed000000,0x00000000ed000000,0x00000000ef700000)
 ParOldGen       total 444928K, used 49420K [0x00000000a0000000, 0x00000000bb280000, 0x00000000e0000000)
  object space 444928K, 11% used [0x00000000a0000000,0x00000000a3043040,0x00000000bb280000)
 Metaspace       used 100179K, capacity 115439K, committed 115660K, reserved 1150976K
  class space    used 13715K, capacity 14551K, committed 14552K, reserved 1048576K
GC Heap History (30 events):
Event: 1.413 GC heap before
{Heap before GC invocations=1 (full 0):
 PSYoungGen      total 76288K, used 61297K [0x00000000e0000000, 0x00000000e5500000, 0x0000000100000000)
  eden space 65536K, 93% used [0x00000000e0000000,0x00000000e3bdc6f0,0x00000000e4000000)
  from space 10752K, 0% used [0x00000000e4a80000,0x00000000e4a80000,0x00000000e5500000)
  to   space 10752K, 0% used [0x00000000e4000000,0x00000000e4000000,0x00000000e4a80000)
 ParOldGen       total 175104K, used 0K [0x00000000a0000000, 0x00000000aab00000, 0x00000000e0000000)
  object space 175104K, 0% used [0x00000000a0000000,0x00000000a0000000,0x00000000aab00000)
 Metaspace       used 20355K, capacity 21158K, committed 21248K, reserved 1067008K
  class space    used 2830K, capacity 2999K, committed 3072K, reserved 1048576K
Event: 1.421 GC heap after
Heap after GC invocations=1 (full 0):
 PSYoungGen      total 76288K, used 10739K [0x00000000e0000000, 0x00000000e5500000, 0x0000000100000000)
  eden space 65536K, 0% used [0x00000000e0000000,0x00000000e0000000,0x00000000e4000000)
  from space 10752K, 99% used [0x00000000e4000000,0x00000000e4a7cf48,0x00000000e4a80000)
  to   space 10752K, 0% used [0x00000000e4a80000,0x00000000e4a80000,0x00000000e5500000)
 ParOldGen       total 175104K, used 1678K [0x00000000a0000000, 0x00000000aab00000, 0x00000000e0000000)
  object space 175104K, 0% used [0x00000000a0000000,0x00000000a01a3bd8,0x00000000aab00000)
 Metaspace       used 20355K, capacity 21158K, committed 21248K, reserved 1067008K
  class space    used 2830K, capacity 2999K, committed 3072K, reserved 1048576K
}
Event: 1.421 GC heap before
{Heap before GC invocations=2 (full 1):
 PSYoungGen      total 76288K, used 10739K [0x00000000e0000000, 0x00000000e5500000, 0x0000000100000000)
  eden space 65536K, 0% used [0x00000000e0000000,0x00000000e0000000,0x00000000e4000000)
  from space 10752K, 99% used [0x00000000e4000000,0x00000000e4a7cf48,0x00000000e4a80000)
  to   space 10752K, 0% used [0x00000000e4a80000,0x00000000e4a80000,0x00000000e5500000)
 ParOldGen       total 175104K, used 1678K [0x00000000a0000000, 0x00000000aab00000, 0x00000000e0000000)
  object space 175104K, 0% used [0x00000000a0000000,0x00000000a01a3bd8,0x00000000aab00000)
 Metaspace       used 20355K, capacity 21158K, committed 21248K, reserved 1067008K
  class space    used 2830K, capacity 2999K, committed 3072K, reserved 1048576K
Event: 1.445 GC heap after
Heap after GC invocations=2 (full 1):
 PSYoungGen      total 76288K, used 0K [0x00000000e0000000, 0x00000000e5500000, 0x0000000100000000)
  eden space 65536K, 0% used [0x00000000e0000000,0x00000000e0000000,0x00000000e4000000)
  from space 10752K, 0% used [0x00000000e4000000,0x00000000e4000000,0x00000000e4a80000)
  to   space 10752K, 0% used [0x00000000e4a80000,0x00000000e4a80000,0x00000000e5500000)
 ParOldGen       total 129536K, used 11749K [0x00000000a0000000, 0x00000000a7e80000, 0x00000000e0000000)
  object space 129536K, 9% used [0x00000000a0000000,0x00000000a0b795e8,0x00000000a7e80000)
 Metaspace       used 20339K, capacity 21130K, committed 21248K, reserved 1067008K
  class space    used 2824K, capacity 2987K, committed 3072K, reserved 1048576K
}
Event: 2.173 GC heap before
{Heap before GC invocations=3 (full 1):
 PSYoungGen      total 76288K, used 62720K [0x00000000e0000000, 0x00000000e5500000, 0x0000000100000000)
  eden space 65536K, 95% used [0x00000000e0000000,0x00000000e3d401f0,0x00000000e4000000)
  from space 10752K, 0% used [0x00000000e4000000,0x00000000e4000000,0x00000000e4a80000)
  to   space 10752K, 0% used [0x00000000e4a80000,0x00000000e4a80000,0x00000000e5500000)
 ParOldGen       total 129536K, used 11749K [0x00000000a0000000, 0x00000000a7e80000, 0x00000000e0000000)
  object space 129536K, 9% used [0x00000000a0000000,0x00000000a0b795e8,0x00000000a7e80000)
 Metaspace       used 33994K, capacity 35363K, committed 35416K, reserved 1079296K
  class space    used 4701K, capacity 4901K, committed 4952K, reserved 1048576K
Event: 2.208 GC heap after
Heap after GC invocations=3 (full 1):
 PSYoungGen      total 76288K, used 10731K [0x00000000e0000000, 0x00000000e7b00000, 0x0000000100000000)
  eden space 65536K, 0% used [0x00000000e0000000,0x00000000e0000000,0x00000000e4000000)
  from space 10752K, 99% used [0x00000000e4a80000,0x00000000e54fac28,0x00000000e5500000)
  to   space 10752K, 0% used [0x00000000e4000000,0x00000000e4000000,0x00000000e4a80000)
 ParOldGen       total 129536K, used 12807K [0x00000000a0000000, 0x00000000a7e80000, 0x00000000e0000000)
  object space 129536K, 9% used [0x00000000a0000000,0x00000000a0c81e30,0x00000000a7e80000)
 Metaspace       used 33994K, capacity 35363K, committed 35416K, reserved 1079296K
  class space    used 4701K, capacity 4901K, committed 4952K, reserved 1048576K
}
Event: 2.208 GC heap before
{Heap before GC invocations=4 (full 2):
 PSYoungGen      total 76288K, used 10731K [0x00000000e0000000, 0x00000000e7b00000, 0x0000000100000000)
  eden space 65536K, 0% used [0x00000000e0000000,0x00000000e0000000,0x00000000e4000000)
  from space 10752K, 99% used [0x00000000e4a80000,0x00000000e54fac28,0x00000000e5500000)
  to   space 10752K, 0% used [0x00000000e4000000,0x00000000e4000000,0x00000000e4a80000)
 ParOldGen       total 129536K, used 12807K [0x00000000a0000000, 0x00000000a7e80000, 0x00000000e0000000)
  object space 129536K, 9% used [0x00000000a0000000,0x00000000a0c81e30,0x00000000a7e80000)
 Metaspace       used 33994K, capacity 35363K, committed 35416K, reserved 1079296K
  class space    used 4701K, capacity 4901K, committed 4952K, reserved 1048576K
Event: 2.277 GC heap after
Heap after GC invocations=4 (full 2):
 PSYoungGen      total 76288K, used 0K [0x00000000e0000000, 0x00000000e7b00000, 0x0000000100000000)
  eden space 65536K, 0% used [0x00000000e0000000,0x00000000e0000000,0x00000000e4000000)
  from space 10752K, 0% used [0x00000000e4a80000,0x00000000e4a80000,0x00000000e5500000)
  to   space 10752K, 0% used [0x00000000e4000000,0x00000000e4000000,0x00000000e4a80000)
 ParOldGen       total 209920K, used 14336K [0x00000000a0000000, 0x00000000acd00000, 0x00000000e0000000)
  object space 209920K, 6% used [0x00000000a0000000,0x00000000a0e00098,0x00000000acd00000)
 Metaspace       used 33994K, capacity 35363K, committed 35416K, reserved 1079296K
  class space    used 4701K, capacity 4901K, committed 4952K, reserved 1048576K
}
Event: 3.431 GC heap before
{Heap before GC invocations=5 (full 2):
 PSYoungGen      total 76288K, used 65536K [0x00000000e0000000, 0x00000000e7b00000, 0x0000000100000000)
  eden space 65536K, 100% used [0x00000000e0000000,0x00000000e4000000,0x00000000e4000000)
  from space 10752K, 0% used [0x00000000e4a80000,0x00000000e4a80000,0x00000000e5500000)
  to   space 10752K, 0% used [0x00000000e4000000,0x00000000e4000000,0x00000000e4a80000)
 ParOldGen       total 209920K, used 14336K [0x00000000a0000000, 0x00000000acd00000, 0x00000000e0000000)
  object space 209920K, 6% used [0x00000000a0000000,0x00000000a0e00098,0x00000000acd00000)
 Metaspace       used 42122K, capacity 44081K, committed 44248K, reserved 1087488K
  class space    used 5610K, capacity 5829K, committed 5848K, reserved 1048576K
Event: 3.449 GC heap after
Heap after GC invocations=5 (full 2):
 PSYoungGen      total 76288K, used 10737K [0x00000000e0000000, 0x00000000e6800000, 0x0000000100000000)
  eden space 65536K, 0% used [0x00000000e0000000,0x00000000e0000000,0x00000000e4000000)
  from space 10752K, 99% used [0x00000000e4000000,0x00000000e4a7c530,0x00000000e4a80000)
  to   space 10752K, 0% used [0x00000000e5d80000,0x00000000e5d80000,0x00000000e6800000)
 ParOldGen       total 209920K, used 22731K [0x00000000a0000000, 0x00000000acd00000, 0x00000000e0000000)
  object space 209920K, 10% used [0x00000000a0000000,0x00000000a1632c30,0x00000000acd00000)
 Metaspace       used 42122K, capacity 44081K, committed 44248K, reserved 1087488K
  class space    used 5610K, capacity 5829K, committed 5848K, reserved 1048576K
}
Event: 5.332 GC heap before
{Heap before GC invocations=6 (full 2):
 PSYoungGen      total 76288K, used 76273K [0x00000000e0000000, 0x00000000e6800000, 0x0000000100000000)
  eden space 65536K, 100% used [0x00000000e0000000,0x00000000e4000000,0x00000000e4000000)
  from space 10752K, 99% used [0x00000000e4000000,0x00000000e4a7c530,0x00000000e4a80000)
  to   space 10752K, 0% used [0x00000000e5d80000,0x00000000e5d80000,0x00000000e6800000)
 ParOldGen       total 209920K, used 22731K [0x00000000a0000000, 0x00000000acd00000, 0x00000000e0000000)
  object space 209920K, 10% used [0x00000000a0000000,0x00000000a1632c30,0x00000000acd00000)
 Metaspace       used 51496K, capacity 54731K, committed 55000K, reserved 1097728K
  class space    used 6784K, capacity 7081K, committed 7128K, reserved 1048576K
Event: 5.344 GC heap after
Heap after GC invocations=6 (full 2):
 PSYoungGen      total 93184K, used 10721K [0x00000000e0000000, 0x00000000e6800000, 0x0000000100000000)
  eden space 82432K, 0% used [0x00000000e0000000,0x00000000e0000000,0x00000000e5080000)
  from space 10752K, 99% used [0x00000000e5d80000,0x00000000e67f8550,0x00000000e6800000)
  to   space 10752K, 0% used [0x00000000e5300000,0x00000000e5300000,0x00000000e5d80000)
 ParOldGen       total 209920K, used 29488K [0x00000000a0000000, 0x00000000acd00000, 0x00000000e0000000)
  object space 209920K, 14% used [0x00000000a0000000,0x00000000a1ccc1b0,0x00000000acd00000)
 Metaspace       used 51496K, capacity 54731K, committed 55000K, reserved 1097728K
  class space    used 6784K, capacity 7081K, committed 7128K, reserved 1048576K
}
Event: 5.789 GC heap before
{Heap before GC invocations=7 (full 2):
 PSYoungGen      total 93184K, used 49951K [0x00000000e0000000, 0x00000000e6800000, 0x0000000100000000)
  eden space 82432K, 47% used [0x00000000e0000000,0x00000000e264f6c0,0x00000000e5080000)
  from space 10752K, 99% used [0x00000000e5d80000,0x00000000e67f8550,0x00000000e6800000)
  to   space 10752K, 0% used [0x00000000e5300000,0x00000000e5300000,0x00000000e5d80000)
 ParOldGen       total 209920K, used 29488K [0x00000000a0000000, 0x00000000acd00000, 0x00000000e0000000)
  object space 209920K, 14% used [0x00000000a0000000,0x00000000a1ccc1b0,0x00000000acd00000)
 Metaspace       used 55107K, capacity 58955K, committed 59028K, reserved 1101824K
  class space    used 7268K, capacity 7611K, committed 7640K, reserved 1048576K
Event: 5.804 GC heap after
Heap after GC invocations=7 (full 2):
 PSYoungGen      total 95744K, used 10751K [0x00000000e0000000, 0x00000000e8f80000, 0x0000000100000000)
  eden space 84992K, 0% used [0x00000000e0000000,0x00000000e0000000,0x00000000e5300000)
  from space 10752K, 99% used [0x00000000e5300000,0x00000000e5d7fc98,0x00000000e5d80000)
  to   space 19968K, 0% used [0x00000000e7c00000,0x00000000e7c00000,0x00000000e8f80000)
 ParOldGen       total 209920K, used 34034K [0x00000000a0000000, 0x00000000acd00000, 0x00000000e0000000)
  object space 209920K, 16% used [0x00000000a0000000,0x00000000a213cb78,0x00000000acd00000)
 Metaspace       used 55107K, capacity 58955K, committed 59028K, reserved 1101824K
  class space    used 7268K, capacity 7611K, committed 7640K, reserved 1048576K
}
Event: 5.804 GC heap before
{Heap before GC invocations=8 (full 3):
 PSYoungGen      total 95744K, used 10751K [0x00000000e0000000, 0x00000000e8f80000, 0x0000000100000000)
  eden space 84992K, 0% used [0x00000000e0000000,0x00000000e0000000,0x00000000e5300000)
  from space 10752K, 99% used [0x00000000e5300000,0x00000000e5d7fc98,0x00000000e5d80000)
  to   space 19968K, 0% used [0x00000000e7c00000,0x00000000e7c00000,0x00000000e8f80000)
 ParOldGen       total 209920K, used 34034K [0x00000000a0000000, 0x00000000acd00000, 0x00000000e0000000)
  object space 209920K, 16% used [0x00000000a0000000,0x00000000a213cb78,0x00000000acd00000)
 Metaspace       used 55107K, capacity 58955K, committed 59028K, reserved 1101824K
  class space    used 7268K, capacity 7611K, committed 7640K, reserved 1048576K
Event: 5.897 GC heap after
Heap after GC invocations=8 (full 3):
 PSYoungGen      total 95744K, used 0K [0x00000000e0000000, 0x00000000e8f80000, 0x0000000100000000)
  eden space 84992K, 0% used [0x00000000e0000000,0x00000000e0000000,0x00000000e5300000)
  from space 10752K, 0% used [0x00000000e5300000,0x00000000e5300000,0x00000000e5d80000)
  to   space 19968K, 0% used [0x00000000e7c00000,0x00000000e7c00000,0x00000000e8f80000)
 ParOldGen       total 307200K, used 26686K [0x00000000a0000000, 0x00000000b2c00000, 0x00000000e0000000)
  object space 307200K, 8% used [0x00000000a0000000,0x00000000a1a0fb48,0x00000000b2c00000)
 Metaspace       used 55107K, capacity 58955K, committed 59028K, reserved 1101824K
  class space    used 7268K, capacity 7611K, committed 7640K, reserved 1048576K
}
Event: 7.992 GC heap before
{Heap before GC invocations=9 (full 3):
 PSYoungGen      total 95744K, used 84992K [0x00000000e0000000, 0x00000000e8f80000, 0x0000000100000000)
  eden space 84992K, 100% used [0x00000000e0000000,0x00000000e5300000,0x00000000e5300000)
  from space 10752K, 0% used [0x00000000e5300000,0x00000000e5300000,0x00000000e5d80000)
  to   space 19968K, 0% used [0x00000000e7c00000,0x00000000e7c00000,0x00000000e8f80000)
 ParOldGen       total 307200K, used 26686K [0x00000000a0000000, 0x00000000b2c00000, 0x00000000e0000000)
  object space 307200K, 8% used [0x00000000a0000000,0x00000000a1a0fb48,0x00000000b2c00000)
 Metaspace       used 60995K, capacity 66116K, committed 66392K, reserved 1107968K
  class space    used 7996K, capacity 8416K, committed 8536K, reserved 1048576K
Event: 8.015 GC heap after
Heap after GC invocations=9 (full 3):
 PSYoungGen      total 121344K, used 19946K [0x00000000e0000000, 0x00000000e9e80000, 0x0000000100000000)
  eden space 101376K, 0% used [0x00000000e0000000,0x00000000e0000000,0x00000000e6300000)
  from space 19968K, 99% used [0x00000000e7c00000,0x00000000e8f7aa08,0x00000000e8f80000)
  to   space 25600K, 0% used [0x00000000e6300000,0x00000000e6300000,0x00000000e7c00000)
 ParOldGen       total 307200K, used 33434K [0x00000000a0000000, 0x00000000b2c00000, 0x00000000e0000000)
  object space 307200K, 10% used [0x00000000a0000000,0x00000000a20a6860,0x00000000b2c00000)
 Metaspace       used 60995K, capacity 66116K, committed 66392K, reserved 1107968K
  class space    used 7996K, capacity 8416K, committed 8536K, reserved 1048576K
}
Event: 9.886 GC heap before
{Heap before GC invocations=10 (full 3):
 PSYoungGen      total 121344K, used 121322K [0x00000000e0000000, 0x00000000e9e80000, 0x0000000100000000)
  eden space 101376K, 100% used [0x00000000e0000000,0x00000000e6300000,0x00000000e6300000)
  from space 19968K, 99% used [0x00000000e7c00000,0x00000000e8f7aa08,0x00000000e8f80000)
  to   space 25600K, 0% used [0x00000000e6300000,0x00000000e6300000,0x00000000e7c00000)
 ParOldGen       total 307200K, used 33434K [0x00000000a0000000, 0x00000000b2c00000, 0x00000000e0000000)
  object space 307200K, 10% used [0x00000000a0000000,0x00000000a20a6860,0x00000000b2c00000)
 Metaspace       used 74552K, capacity 84141K, committed 84312K, reserved 1122304K
  class space    used 10245K, capacity 10800K, committed 10840K, reserved 1048576K
Event: 9.918 GC heap after
Heap after GC invocations=10 (full 3):
 PSYoungGen      total 126976K, used 25594K [0x00000000e0000000, 0x00000000ec100000, 0x0000000100000000)
  eden space 101376K, 0% used [0x00000000e0000000,0x00000000e0000000,0x00000000e6300000)
  from space 25600K, 99% used [0x00000000e6300000,0x00000000e7bfebc8,0x00000000e7c00000)
  to   space 32768K, 0% used [0x00000000ea100000,0x00000000ea100000,0x00000000ec100000)
 ParOldGen       total 307200K, used 41049K [0x00000000a0000000, 0x00000000b2c00000, 0x00000000e0000000)
  object space 307200K, 13% used [0x00000000a0000000,0x00000000a28167c8,0x00000000b2c00000)
 Metaspace       used 74552K, capacity 84141K, committed 84312K, reserved 1122304K
  class space    used 10245K, capacity 10800K, committed 10840K, reserved 1048576K
}
Event: 11.446 GC heap before
{Heap before GC invocations=11 (full 3):
 PSYoungGen      total 126976K, used 126970K [0x00000000e0000000, 0x00000000ec100000, 0x0000000100000000)
  eden space 101376K, 100% used [0x00000000e0000000,0x00000000e6300000,0x00000000e6300000)
  from space 25600K, 99% used [0x00000000e6300000,0x00000000e7bfebc8,0x00000000e7c00000)
  to   space 32768K, 0% used [0x00000000ea100000,0x00000000ea100000,0x00000000ec100000)
 ParOldGen       total 307200K, used 41049K [0x00000000a0000000, 0x00000000b2c00000, 0x00000000e0000000)
  object space 307200K, 13% used [0x00000000a0000000,0x00000000a28167c8,0x00000000b2c00000)
 Metaspace       used 84236K, capacity 95839K, committed 96088K, reserved 1132544K
  class space    used 11715K, capacity 12376K, committed 12376K, reserved 1048576K
Event: 11.474 GC heap after
Heap after GC invocations=11 (full 3):
 PSYoungGen      total 158720K, used 32757K [0x00000000e0000000, 0x00000000ecd00000, 0x0000000100000000)
  eden space 125952K, 0% used [0x00000000e0000000,0x00000000e0000000,0x00000000e7b00000)
  from space 32768K, 99% used [0x00000000ea100000,0x00000000ec0fd450,0x00000000ec100000)
  to   space 38912K, 0% used [0x00000000e7b00000,0x00000000e7b00000,0x00000000ea100000)
 ParOldGen       total 307200K, used 45519K [0x00000000a0000000, 0x00000000b2c00000, 0x00000000e0000000)
  object space 307200K, 14% used [0x00000000a0000000,0x00000000a2c73ea8,0x00000000b2c00000)
 Metaspace       used 84236K, capacity 95839K, committed 96088K, reserved 1132544K
  class space    used 11715K, capacity 12376K, committed 12376K, reserved 1048576K
}
Event: 12.777 GC heap before
{Heap before GC invocations=12 (full 3):
 PSYoungGen      total 158720K, used 127425K [0x00000000e0000000, 0x00000000ecd00000, 0x0000000100000000)
  eden space 125952K, 75% used [0x00000000e0000000,0x00000000e5c73128,0x00000000e7b00000)
  from space 32768K, 99% used [0x00000000ea100000,0x00000000ec0fd450,0x00000000ec100000)
  to   space 38912K, 0% used [0x00000000e7b00000,0x00000000e7b00000,0x00000000ea100000)
 ParOldGen       total 307200K, used 45519K [0x00000000a0000000, 0x00000000b2c00000, 0x00000000e0000000)
  object space 307200K, 14% used [0x00000000a0000000,0x00000000a2c73ea8,0x00000000b2c00000)
 Metaspace       used 86519K, capacity 98283K, committed 98380K, reserved 1134592K
  class space    used 11890K, capacity 12596K, committed 12632K, reserved 1048576K
Event: 12.802 GC heap after
Heap after GC invocations=12 (full 3):
 PSYoungGen      total 164864K, used 16605K [0x00000000e0000000, 0x00000000edb80000, 0x0000000100000000)
  eden space 125952K, 0% used [0x00000000e0000000,0x00000000e0000000,0x00000000e7b00000)
  from space 38912K, 42% used [0x00000000e7b00000,0x00000000e8b37640,0x00000000ea100000)
  to   space 37888K, 0% used [0x00000000eb680000,0x00000000eb680000,0x00000000edb80000)
 ParOldGen       total 307200K, used 64366K [0x00000000a0000000, 0x00000000b2c00000, 0x00000000e0000000)
  object space 307200K, 20% used [0x00000000a0000000,0x00000000a3edb930,0x00000000b2c00000)
 Metaspace       used 86519K, capacity 98283K, committed 98380K, reserved 1134592K
  class space    used 11890K, capacity 12596K, committed 12632K, reserved 1048576K
}
Event: 12.802 GC heap before
{Heap before GC invocations=13 (full 4):
 PSYoungGen      total 164864K, used 16605K [0x00000000e0000000, 0x00000000edb80000, 0x0000000100000000)
  eden space 125952K, 0% used [0x00000000e0000000,0x00000000e0000000,0x00000000e7b00000)
  from space 38912K, 42% used [0x00000000e7b00000,0x00000000e8b37640,0x00000000ea100000)
  to   space 37888K, 0% used [0x00000000eb680000,0x00000000eb680000,0x00000000edb80000)
 ParOldGen       total 307200K, used 64366K [0x00000000a0000000, 0x00000000b2c00000, 0x00000000e0000000)
  object space 307200K, 20% used [0x00000000a0000000,0x00000000a3edb930,0x00000000b2c00000)
 Metaspace       used 86519K, capacity 98283K, committed 98380K, reserved 1134592K
  class space    used 11890K, capacity 12596K, committed 12632K, reserved 1048576K
Event: 12.955 GC heap after
Heap after GC invocations=13 (full 4):
 PSYoungGen      total 164864K, used 0K [0x00000000e0000000, 0x00000000edb80000, 0x0000000100000000)
  eden space 125952K, 0% used [0x00000000e0000000,0x00000000e0000000,0x00000000e7b00000)
  from space 38912K, 0% used [0x00000000e7b00000,0x00000000e7b00000,0x00000000ea100000)
  to   space 37888K, 0% used [0x00000000eb680000,0x00000000eb680000,0x00000000edb80000)
 ParOldGen       total 444928K, used 49388K [0x00000000a0000000, 0x00000000bb280000, 0x00000000e0000000)
  object space 444928K, 11% used [0x00000000a0000000,0x00000000a303b040,0x00000000bb280000)
 Metaspace       used 85373K, capacity 96565K, committed 98380K, reserved 1134592K
  class space    used 11648K, capacity 12282K, committed 12632K, reserved 1048576K
}
Event: 14.727 GC heap before
{Heap before GC invocations=14 (full 4):
 PSYoungGen      total 164864K, used 125952K [0x00000000e0000000, 0x00000000edb80000, 0x0000000100000000)
  eden space 125952K, 100% used [0x00000000e0000000,0x00000000e7b00000,0x00000000e7b00000)
  from space 38912K, 0% used [0x00000000e7b00000,0x00000000e7b00000,0x00000000ea100000)
  to   space 37888K, 0% used [0x00000000eb680000,0x00000000eb680000,0x00000000edb80000)
 ParOldGen       total 444928K, used 49388K [0x00000000a0000000, 0x00000000bb280000, 0x00000000e0000000)
  object space 444928K, 11% used [0x00000000a0000000,0x00000000a303b040,0x00000000bb280000)
 Metaspace       used 92682K, capacity 106985K, committed 107084K, reserved 1142784K
  class space    used 13074K, capacity 13856K, committed 13912K, reserved 1048576K
Event: 14.740 GC heap after
Heap after GC invocations=14 (full 4):
 PSYoungGen      total 186368K, used 6386K [0x00000000e0000000, 0x00000000edc00000, 0x0000000100000000)
  eden space 148480K, 0% used [0x00000000e0000000,0x00000000e0000000,0x00000000e9100000)
  from space 37888K, 16% used [0x00000000eb680000,0x00000000ebcbcb18,0x00000000edb80000)
  to   space 38400K, 0% used [0x00000000e9100000,0x00000000e9100000,0x00000000eb680000)
 ParOldGen       total 444928K, used 49404K [0x00000000a0000000, 0x00000000bb280000, 0x00000000e0000000)
  object space 444928K, 11% used [0x00000000a0000000,0x00000000a303f040,0x00000000bb280000)
 Metaspace       used 92682K, capacity 106985K, committed 107084K, reserved 1142784K
  class space    used 13074K, capacity 13856K, committed 13912K, reserved 1048576K
}
Event: 16.741 GC heap before
{Heap before GC invocations=15 (full 4):
 PSYoungGen      total 186368K, used 154866K [0x00000000e0000000, 0x00000000edc00000, 0x0000000100000000)
  eden space 148480K, 100% used [0x00000000e0000000,0x00000000e9100000,0x00000000e9100000)
  from space 37888K, 16% used [0x00000000eb680000,0x00000000ebcbcb18,0x00000000edb80000)
  to   space 38400K, 0% used [0x00000000e9100000,0x00000000e9100000,0x00000000eb680000)
 ParOldGen       total 444928K, used 49404K [0x00000000a0000000, 0x00000000bb280000, 0x00000000e0000000)
  object space 444928K, 11% used [0x00000000a0000000,0x00000000a303f040,0x00000000bb280000)
 Metaspace       used 99944K, capacity 115183K, committed 115404K, reserved 1150976K
  class space    used 13715K, capacity 14551K, committed 14552K, reserved 1048576K
Event: 16.759 GC heap after
Heap after GC invocations=15 (full 4):
 PSYoungGen      total 186880K, used 28267K [0x00000000e0000000, 0x00000000ef700000, 0x0000000100000000)
  eden space 148480K, 0% used [0x00000000e0000000,0x00000000e0000000,0x00000000e9100000)
  from space 38400K, 73% used [0x00000000e9100000,0x00000000eac9afa0,0x00000000eb680000)
  to   space 39936K, 0% used [0x00000000ed000000,0x00000000ed000000,0x00000000ef700000)
 ParOldGen       total 444928K, used 49420K [0x00000000a0000000, 0x00000000bb280000, 0x00000000e0000000)
  object space 444928K, 11% used [0x00000000a0000000,0x00000000a3043040,0x00000000bb280000)
 Metaspace       used 99944K, capacity 115183K, committed 115404K, reserved 1150976K
  class space    used 13715K, capacity 14551K, committed 14552K, reserved 1048576K
}

